<?xml version="1.0" encoding="UTF-8"?>
<!-- Generated by org.testng.reporters.JUnitReportReporter -->
<testsuite hostname="QT-INBG-LT154" failures="0" tests="1" name="twitter" time="4.925" errors="0" timestamp="2021-04-05T18:42:30 IST" skipped="0">
  <testcase classname="twitter" name="getTweet" time="4.925"/>
  <system-out/>
</testsuite> <!-- twitter -->
