<?xml version="1.0" encoding="UTF-8"?>
<!-- Generated by org.testng.reporters.JUnitReportReporter -->
<testsuite hostname="QT-INBG-LT154" failures="0" tests="3" name="Second" time="9.903" errors="0" timestamp="2021-04-03T16:50:57 IST" skipped="0">
  <testcase classname="Second" name="APITest1" time="7.939"/>
  <system-out/>
  <testcase classname="Second" name="APITest1" time="0.923"/>
  <system-out/>
  <testcase classname="Second" name="APITest1" time="1.041"/>
  <system-out/>
</testsuite> <!-- Second -->
