<?xml version="1.0" encoding="UTF-8"?>
<!-- Generated by org.testng.reporters.JUnitReportReporter -->
<testsuite hostname="QT-INBG-LT154" failures="0" tests="1" name="first" time="7.183" errors="0" timestamp="2021-04-03T16:26:23 IST" skipped="0">
  <testcase classname="first" name="APITest" time="7.183"/>
  <system-out/>
</testsuite> <!-- first -->
