<?xml version="1.0" encoding="UTF-8"?>
<!-- Generated by org.testng.reporters.JUnitReportReporter -->
<testsuite hostname="QT-INBG-LT154" failures="0" tests="1" name="twitter_1" time="3.705" errors="0" timestamp="2021-04-05T19:13:32 IST" skipped="0">
  <testcase classname="twitter_1" name="createTweet" time="3.705"/>
  <system-out/>
</testsuite> <!-- twitter_1 -->
