<?xml version="1.0" encoding="UTF-8"?>
<!-- Generated by org.testng.reporters.JUnitReportReporter -->
<testsuite hostname="QT-INBG-LT154" failures="0" tests="3" name="test.TestCase2" time="22.803" errors="0" timestamp="2021-03-23T09:45:19 IST" skipped="0">
  <testcase classname="test.TestCase2" name="CheckTitle" time="4.618"/>
  <system-out/>
  <testcase classname="test.TestCase2" name="ImgWithName" time="9.193"/>
  <system-out/>
  <testcase classname="test.TestCase2" name="NameInLeft" time="8.992"/>
  <system-out/>
</testsuite> <!-- test.TestCase2 -->
