<?xml version="1.0" encoding="UTF-8"?>
<!-- Generated by org.testng.reporters.JUnitReportReporter -->
<testsuite hostname="QT-INBG-LT154" failures="0" tests="1" name="test.Tst_Send_Self_kudos_1_6_5" time="20.580" errors="0" timestamp="2021-03-26T11:28:30 IST" skipped="0">
  <testcase classname="test.Tst_Send_Self_kudos_1_6_5" name="Kudos_frm_me3" time="20.580"/>
  <system-out/>
</testsuite> <!-- test.Tst_Send_Self_kudos_1_6_5 -->
