<?xml version="1.0" encoding="UTF-8"?>
<!-- Generated by org.testng.reporters.JUnitReportReporter -->
<testsuite hostname="QT-INBG-LT154" failures="0" tests="1" name="test.Tst_OnlyOneKudos_1_3_2" time="10.322" errors="0" timestamp="2021-03-26T11:28:30 IST" skipped="0">
  <testcase classname="test.Tst_OnlyOneKudos_1_3_2" name="Access" time="10.322"/>
  <system-out/>
</testsuite> <!-- test.Tst_OnlyOneKudos_1_3_2 -->
