<?xml version="1.0" encoding="UTF-8"?>
<!-- Generated by org.testng.reporters.JUnitReportReporter -->
<testsuite hostname="QT-INBG-LT154" failures="0" tests="2" name="test.Tst_Activity_Page_1_2" time="14.206" errors="0" timestamp="2021-03-26T11:28:30 IST" skipped="0">
  <testcase classname="test.Tst_Activity_Page_1_2" name="CheckTitle" time="6.193"/>
  <system-out/>
  <testcase classname="test.Tst_Activity_Page_1_2" name="NameInLeft" time="8.013"/>
  <system-out/>
</testsuite> <!-- test.Tst_Activity_Page_1_2 -->
