<?xml version="1.0" encoding="UTF-8"?>
<!-- Generated by org.testng.reporters.JUnitReportReporter -->
<testsuite hostname="QT-INBG-LT154" failures="0" tests="6" name="test.Tst_Send_Kudos_1_3_2" time="87.574" errors="0" timestamp="2021-03-26T11:28:30 IST" skipped="0">
  <testcase classname="test.Tst_Send_Kudos_1_3_2" name="Access" time="11.482"/>
  <system-out/>
  <testcase classname="test.Tst_Send_Kudos_1_3_2" name="Access" time="13.184"/>
  <system-out/>
  <testcase classname="test.Tst_Send_Kudos_1_3_2" name="Access" time="17.210"/>
  <system-out/>
  <testcase classname="test.Tst_Send_Kudos_1_3_2" name="Access" time="15.870"/>
  <system-out/>
  <testcase classname="test.Tst_Send_Kudos_1_3_2" name="Access" time="13.820"/>
  <system-out/>
  <testcase classname="test.Tst_Send_Kudos_1_3_2" name="Access" time="16.008"/>
  <system-out/>
</testsuite> <!-- test.Tst_Send_Kudos_1_3_2 -->
