<?xml version="1.0" encoding="UTF-8"?>
<!-- Generated by org.testng.reporters.JUnitReportReporter -->
<testsuite hostname="QT-INBG-LT154" failures="0" tests="1" name="test.Tst_Kudo_Search_1_4_2" time="32.449" errors="0" timestamp="2021-03-26T11:28:30 IST" skipped="0">
  <testcase classname="test.Tst_Kudo_Search_1_4_2" name="KudoSearch" time="32.449"/>
  <system-out/>
</testsuite> <!-- test.Tst_Kudo_Search_1_4_2 -->
