<?xml version="1.0" encoding="UTF-8"?>
<!-- Generated by org.testng.reporters.JUnitReportReporter -->
<testsuite hostname="QT-INBG-LT154" failures="0" tests="1" name="test.Tst_Kudos_From_me_1_6_1" time="22.378" errors="0" timestamp="2021-03-26T11:28:30 IST" skipped="0">
  <testcase classname="test.Tst_Kudos_From_me_1_6_1" name="Kudos_frm_me" time="22.378"/>
  <system-out/>
</testsuite> <!-- test.Tst_Kudos_From_me_1_6_1 -->
