<?xml version="1.0" encoding="UTF-8"?>
<!-- Generated by org.testng.reporters.JUnitReportReporter -->
<testsuite hostname="QT-INBG-LT154" failures="0" tests="1" name="CucumberOptions.TestRunner" time="25.300" errors="0" timestamp="2021-03-31T11:34:25 IST" skipped="0">
  <testcase classname="CucumberOptions.TestRunner" name="feature" time="25.300"/>
  <system-out/>
</testsuite> <!-- CucumberOptions.TestRunner -->
