<?xml version="1.0" encoding="UTF-8"?>
<!-- Generated by org.testng.reporters.JUnitReportReporter -->
<testsuite hostname="QT-INBG-LT154" failures="0" tests="1" name="test.Txt_SendKudo_RecentContact_1_3_5" time="10.145" errors="0" timestamp="2021-03-26T11:28:30 IST" skipped="0">
  <testcase classname="test.Txt_SendKudo_RecentContact_1_3_5" name="sendkudo" time="10.145"/>
  <system-out/>
</testsuite> <!-- test.Txt_SendKudo_RecentContact_1_3_5 -->
