<?xml version="1.0" encoding="UTF-8"?>
<!-- Generated by org.testng.reporters.JUnitReportReporter -->
<testsuite hostname="QT-INBG-LT154" failures="0" tests="6" name="test.Tst_Send_Kudos_1_3_1" time="71.318" errors="0" timestamp="2021-03-23T15:25:49 IST" skipped="0">
  <testcase classname="test.Tst_Send_Kudos_1_3_1" name="Access" time="10.662"/>
  <system-out/>
  <testcase classname="test.Tst_Send_Kudos_1_3_1" name="Access" time="14.046"/>
  <system-out/>
  <testcase classname="test.Tst_Send_Kudos_1_3_1" name="Access" time="10.707"/>
  <system-out/>
  <testcase classname="test.Tst_Send_Kudos_1_3_1" name="Access" time="14.087"/>
  <system-out/>
  <testcase classname="test.Tst_Send_Kudos_1_3_1" name="Access" time="11.121"/>
  <system-out/>
  <testcase classname="test.Tst_Send_Kudos_1_3_1" name="Access" time="10.695"/>
  <system-out/>
</testsuite> <!-- test.Tst_Send_Kudos_1_3_1 -->
