<?xml version="1.0" encoding="UTF-8"?>
<!-- Generated by org.testng.reporters.JUnitReportReporter -->
<testsuite hostname="QT-INBG-LT154" failures="0" tests="1" name="test.Tst_CanSend_Act_1_3_1" time="12.463" errors="0" timestamp="2021-03-26T09:05:58 IST" skipped="0">
  <testcase classname="test.Tst_CanSend_Act_1_3_1" name="Access" time="12.463"/>
  <system-out/>
</testsuite> <!-- test.Tst_CanSend_Act_1_3_1 -->
