<?xml version="1.0" encoding="UTF-8"?>
<!-- Generated by org.testng.reporters.JUnitReportReporter -->
<testsuite hostname="QT-INBG-LT154" failures="0" tests="1" name="test.Tst_Send_Kudos" time="9.140" errors="0" timestamp="2021-03-23T13:01:34 IST" skipped="0">
  <testcase classname="test.Tst_Send_Kudos" name="Access" time="9.140"/>
  <system-out/>
</testsuite> <!-- test.Tst_Send_Kudos -->
