<?xml version="1.0" encoding="UTF-8"?>
<!-- Generated by org.testng.reporters.JUnitReportReporter -->
<testsuite hostname="QT-INBG-LT154" failures="0" tests="1" name="test.Tst_Title_Verification_1_1_2" time="5.037" errors="0" timestamp="2021-03-26T12:31:56 IST" skipped="0">
  <testcase classname="test.Tst_Title_Verification_1_1_2" name="CheckTitle" time="5.037"/>
  <system-out/>
</testsuite> <!-- test.Tst_Title_Verification_1_1_2 -->
