<?xml version="1.0" encoding="UTF-8"?>
<!-- Generated by org.testng.reporters.JUnitReportReporter -->
<testsuite hostname="QT-INBG-LT154" failures="0" tests="2" name="test.Tst_Title_Verification" time="8.489" errors="0" timestamp="2021-03-23T13:19:31 IST" skipped="0">
  <testcase classname="test.Tst_Title_Verification" name="CheckTitle" time="3.898"/>
  <system-out/>
  <testcase classname="test.Tst_Title_Verification" name="Access" time="4.591"/>
  <system-out/>
</testsuite> <!-- test.Tst_Title_Verification -->
