<?xml version="1.0" encoding="UTF-8"?>
<!-- Generated by org.testng.reporters.JUnitReportReporter -->
<testsuite hostname="QT-INBG-LT154" failures="0" tests="1" name="test.Tst_Verify_colours_1_1_3" time="5.927" errors="0" timestamp="2021-03-23T10:22:34 IST" skipped="0">
  <testcase classname="test.Tst_Verify_colours_1_1_3" name="verify_colour" time="5.927"/>
  <system-out/>
</testsuite> <!-- test.Tst_Verify_colours_1_1_3 -->
